<?xml version="1.0" encoding="UTF-8"?>
<!-- Generated by org.testng.reporters.JUnitReportReporter -->
<testsuite hostname="INLEN8520032427" failures="1" tests="4" name="testrunner.LoginPage1_TestRunner" time="71.196" errors="0" timestamp="2023-06-08T15:36:45 IST" skipped="0">
  <testcase classname="testrunner.LoginPage1_TestRunner" name="runScenario" time="8.351"/>
  <system-out/>
  <testcase classname="testrunner.LoginPage1_TestRunner" name="runScenario" time="6.806"/>
  <system-out/>
  <testcase classname="testrunner.LoginPage1_TestRunner" name="runScenario" time="46.758">
    <failure type="java.lang.AssertionError">
      <![CDATA[java.lang.AssertionError
at loginpage1_stepdefinitions.LoginPageSteps1.it_shows_home_page(LoginPageSteps1.java:198)
at âœ½.It shows home page(file:///C:/Users/YVATADI/eclipse-workspace/Unacademy_Login_Krupa/src/test/resources/Features/loginpage1.feature:30)
]]>
    </failure>
  </testcase> <!-- runScenario -->
  <system-out/>
  <testcase classname="testrunner.LoginPage1_TestRunner" name="runScenario" time="9.281"/>
  <system-out/>
</testsuite> <!-- testrunner.LoginPage1_TestRunner -->
