<?xml version="1.0" encoding="UTF-8"?>
<!-- Generated by org.testng.reporters.JUnitReportReporter -->
<testsuite hostname="INLEN8520032427" failures="0" tests="1" name="testrunner2.NewTest" time="0.116" errors="1" timestamp="2023-06-02T16:11:40 IST" skipped="0">
  <testcase classname="testrunner2.NewTest" name="setUpClass" time="0.116">
    <error message="Failed to parse resource at: file:///C:/Users/YVATADI/eclipse-workspace/Unacademy_Login_Krupa/src/test/resources/Features/lpr.feature
(1:1): expected: #EOF, #Language, #TagLine, #FeatureLine, #Comment, #Empty, got &#039;Scenario: Validate login page  Main functionality&#039;
(2:2): expected: #EOF, #Language, #TagLine, #FeatureLine, #Comment, #Empty, got &#039;Given Chrome is opened and Unacademy app is opened&#039;
(3:2): expected: #EOF, #Language, #TagLine, #FeatureLine, #Comment, #Empty, got &#039;Then user navigates on landing page&#039;
(4:2): expected: #EOF, #Language, #TagLine, #FeatureLine, #Comment, #Empty, got &#039;When User click on login button&#039;
(5:2): expected: #EOF, #Language, #TagLine, #FeatureLine, #Comment, #Empty, got &#039;Then User navigates on to login page&#039;
(6:2): expected: #EOF, #Language, #TagLine, #FeatureLine, #Comment, #Empty, got &#039;When User enter mobile number&#039;
(7:2): expected: #EOF, #Language, #TagLine, #FeatureLine, #Comment, #Empty, got &#039;And  User click on log in button&#039;
(8:2): expected: #EOF, #Language, #TagLine, #FeatureLine, #Comment, #Empty, got &#039;When User enter otp&#039;
(9:2): expected: #EOF, #Language, #TagLine, #FeatureLine, #Comment, #Empty, got &#039;And  User click on verify otp button&#039;
(10:2): expected: #EOF, #Language, #TagLine, #FeatureLine, #Comment, #Empty, got &#039;Then It shows home page&#039;" type="io.cucumber.core.gherkin.FeatureParserException">
      <![CDATA[io.cucumber.core.gherkin.FeatureParserException: Failed to parse resource at: file:///C:/Users/YVATADI/eclipse-workspace/Unacademy_Login_Krupa/src/test/resources/Features/lpr.feature
(1:1): expected: #EOF, #Language, #TagLine, #FeatureLine, #Comment, #Empty, got 'Scenario: Validate login page  Main functionality'
(2:2): expected: #EOF, #Language, #TagLine, #FeatureLine, #Comment, #Empty, got 'Given Chrome is opened and Unacademy app is opened'
(3:2): expected: #EOF, #Language, #TagLine, #FeatureLine, #Comment, #Empty, got 'Then user navigates on landing page'
(4:2): expected: #EOF, #Language, #TagLine, #FeatureLine, #Comment, #Empty, got 'When User click on login button'
(5:2): expected: #EOF, #Language, #TagLine, #FeatureLine, #Comment, #Empty, got 'Then User navigates on to login page'
(6:2): expected: #EOF, #Language, #TagLine, #FeatureLine, #Comment, #Empty, got 'When User enter mobile number'
(7:2): expected: #EOF, #Language, #TagLine, #FeatureLine, #Comment, #Empty, got 'And  User click on log in button'
(8:2): expected: #EOF, #Language, #TagLine, #FeatureLine, #Comment, #Empty, got 'When User enter otp'
(9:2): expected: #EOF, #Language, #TagLine, #FeatureLine, #Comment, #Empty, got 'And  User click on verify otp button'
(10:2): expected: #EOF, #Language, #TagLine, #FeatureLine, #Comment, #Empty, got 'Then It shows home page'
at io.cucumber.core.gherkin.messages.GherkinMessagesFeatureParser.parse(GherkinMessagesFeatureParser.java:56)
at io.cucumber.core.feature.FeatureParser.parseResource(FeatureParser.java:46)
at java.base/java.util.function.BiFunction.lambda$andThen$0(BiFunction.java:70)
at io.cucumber.core.resource.ResourceScanner.lambda$processResource$1(ResourceScanner.java:79)
at io.cucumber.core.resource.PathScanner$ResourceFileVisitor.visitFile(PathScanner.java:75)
at io.cucumber.core.resource.PathScanner$ResourceFileVisitor.visitFile(PathScanner.java:60)
at java.base/java.nio.file.Files.walkFileTree(Files.java:2811)
at io.cucumber.core.resource.PathScanner.findResourcesForPath(PathScanner.java:53)
at io.cucumber.core.resource.PathScanner.findResourcesForUri(PathScanner.java:31)
at io.cucumber.core.resource.ResourceScanner.findResourcesForUri(ResourceScanner.java:61)
at io.cucumber.core.resource.ResourceScanner.scanForResourcesUri(ResourceScanner.java:134)
at io.cucumber.core.runtime.FeaturePathFeatureSupplier.loadFeatures(FeaturePathFeatureSupplier.java:62)
at io.cucumber.core.runtime.FeaturePathFeatureSupplier.get(FeaturePathFeatureSupplier.java:45)
at io.cucumber.testng.TestNGCucumberRunner.<init>(TestNGCucumberRunner.java:122)
at io.cucumber.testng.AbstractTestNGCucumberTests.setUpClass(AbstractTestNGCucumberTests.java:27)
at java.base/jdk.internal.reflect.NativeMethodAccessorImpl.invoke0(Native Method)
at java.base/jdk.internal.reflect.NativeMethodAccessorImpl.invoke(NativeMethodAccessorImpl.java:77)
at java.base/jdk.internal.reflect.DelegatingMethodAccessorImpl.invoke(DelegatingMethodAccessorImpl.java:43)
at java.base/java.lang.reflect.Method.invoke(Method.java:568)
at org.testng.internal.invokers.MethodInvocationHelper.invokeMethod(MethodInvocationHelper.java:139)
at org.testng.internal.invokers.MethodInvocationHelper.invokeMethodConsideringTimeout(MethodInvocationHelper.java:69)
at org.testng.internal.invokers.ConfigInvoker.invokeConfigurationMethod(ConfigInvoker.java:361)
at org.testng.internal.invokers.ConfigInvoker.invokeConfigurations(ConfigInvoker.java:296)
at org.testng.internal.invokers.TestMethodWorker.invokeBeforeClassMethods(TestMethodWorker.java:180)
at org.testng.internal.invokers.TestMethodWorker.run(TestMethodWorker.java:122)
at java.base/java.util.ArrayList.forEach(ArrayList.java:1511)
at org.testng.TestRunner.privateRun(TestRunner.java:829)
at org.testng.TestRunner.run(TestRunner.java:602)
at org.testng.SuiteRunner.runTest(SuiteRunner.java:437)
at org.testng.SuiteRunner.runSequentially(SuiteRunner.java:431)
at org.testng.SuiteRunner.privateRun(SuiteRunner.java:391)
at org.testng.SuiteRunner.run(SuiteRunner.java:330)
at org.testng.SuiteRunnerWorker.runSuite(SuiteRunnerWorker.java:52)
at org.testng.SuiteRunnerWorker.run(SuiteRunnerWorker.java:95)
at org.testng.TestNG.runSuitesSequentially(TestNG.java:1256)
at org.testng.TestNG.runSuitesLocally(TestNG.java:1176)
at org.testng.TestNG.runSuites(TestNG.java:1099)
at org.testng.TestNG.run(TestNG.java:1067)
at org.testng.remote.AbstractRemoteTestNG.run(AbstractRemoteTestNG.java:115)
at org.testng.remote.RemoteTestNG.initAndRun(RemoteTestNG.java:251)
at org.testng.remote.RemoteTestNG.main(RemoteTestNG.java:77)
]]>
    </error>
  </testcase> <!-- setUpClass -->
  <system-out/>
</testsuite> <!-- testrunner2.NewTest -->
